Temp/gradleOut/unityLibrary/unity-android-resources/build/outputs/logs/manifest-merger-release-report.txt
-- Merging decision tree log ---
manifest
ADDED from unityLibrary/unity-android-resources/AndroidManifest.xml:1:39-2:103
INJECTED from unityLibrary/unity-android-resources/AndroidManifest.xml:1:39-2:103
INJECTED from unityLibrary/unity-android-resources/AndroidManifest.xml:1:39-2:103
INJECTED from unityLibrary/unity-android-resources/AndroidManifest.xml:1:39-2:103
INJECTED from unityLibrary/unity-android-resources/AndroidManifest.xml:1:39-2:103
INJECTED from unityLibrary/unity-android-resources/AndroidManifest.xml:1:39-2:103
INJECTED from unityLibrary/unity-android-resources/AndroidManifest.xml:1:39-2:103
	package
		ADDED from unityLibrary/unity-android-resources/AndroidManifest.xml:1:108-158
		INJECTED from unityLibrary/unity-android-resources/AndroidManifest.xml
		INJECTED from unityLibrary/unity-android-resources/AndroidManifest.xml
	android:versionName
		ADDED from unityLibrary/unity-android-resources/AndroidManifest.xml:2:25-50
		INJECTED from unityLibrary/unity-android-resources/AndroidManifest.xml
		INJECTED from unityLibrary/unity-android-resources/AndroidManifest.xml
	xmlns:android
		ADDED from unityLibrary/unity-android-resources/AndroidManifest.xml:1:49-107
	android:versionCode
		ADDED from unityLibrary/unity-android-resources/AndroidManifest.xml:2:1-24
		INJECTED from unityLibrary/unity-android-resources/AndroidManifest.xml
		INJECTED from unityLibrary/unity-android-resources/AndroidManifest.xml
uses-sdk
ADDED from unityLibrary/unity-android-resources/AndroidManifest.xml:2:51-92
INJECTED from unityLibrary/unity-android-resources/AndroidManifest.xml:2:51-92
INJECTED from unityLibrary/unity-android-resources/AndroidManifest.xml:2:51-92
	android:targetSdkVersion
		ADDED from unityLibrary/unity-android-resources/AndroidManifest.xml:2:61-90
		INJECTED from unityLibrary/unity-android-resources/AndroidManifest.xml
		INJECTED from unityLibrary/unity-android-resources/AndroidManifest.xml